<?xml version="1.0" encoding="UTF-8"?>
<testng-results ignored="0" total="1" passed="1" failed="0" skipped="0">
  <reporter-output>
  </reporter-output>
  <suite started-at="2020-08-11T14:27:23 PKT" name="Default suite" finished-at="2020-08-11T14:27:23 PKT" duration-ms="61">
    <groups>
    </groups>
    <test started-at="2020-08-11T14:27:23 PKT" name="Default test" finished-at="2020-08-11T14:27:23 PKT" duration-ms="61">
      <class name="gitPackage.gitClass">
        <test-method signature="test()[pri:0, instance:gitPackage.gitClass@19d37183]" started-at="2020-08-11T14:27:23 PKT" name="test" finished-at="2020-08-11T14:27:23 PKT" duration-ms="10" status="PASS">
          <reporter-output>
          </reporter-output>
        </test-method> <!-- test -->
      </class> <!-- gitPackage.gitClass -->
    </test> <!-- Default test -->
  </suite> <!-- Default suite -->
</testng-results>
